Compiled application.js  (4ms)  (pid 8540)
Compiled jquery.js  (11ms)  (pid 8540)
Compiled jquery_ujs.js  (0ms)  (pid 8540)
Compiled application.css  (13ms)  (pid 8540)
Compiled admin.css  (58ms)  (pid 8540)
Compiled base.css  (0ms)  (pid 8540)
Compiled cities.css  (60ms)  (pid 8540)
Compiled demos.css  (0ms)  (pid 8540)
Compiled home.css  (93ms)  (pid 8540)
Compiled images.css  (28ms)  (pid 8540)
Compiled logins.css  (17ms)  (pid 8540)
Compiled products.css  (20ms)  (pid 8540)
Compiled quota.css  (14ms)  (pid 8540)
Compiled resources.css  (50ms)  (pid 8540)
Compiled themes/ui-lightness/jquery-ui-1.8.22.custom.css  (0ms)  (pid 8540)
Compiled users.css  (9ms)  (pid 8540)
Compiled application.js  (167ms)  (pid 8872)
Compiled jquery.js  (261ms)  (pid 8872)
Compiled jquery_ujs.js  (28ms)  (pid 8872)
Compiled application.css  (61ms)  (pid 8872)
Compiled admin  (30ms)  (pid 8872)
Compiled admin.css  (869ms)  (pid 8872)
Compiled base.css  (184ms)  (pid 8872)
Compiled cities  (24ms)  (pid 8872)
Compiled cities.css  (703ms)  (pid 8872)
Compiled demos.css  (61ms)  (pid 8872)
Compiled home  (31ms)  (pid 8872)
Compiled home.css  (455ms)  (pid 8872)
Compiled images  (0ms)  (pid 8872)
Compiled images.css  (516ms)  (pid 8872)
Compiled logins  (312ms)  (pid 8872)
Compiled logins.css  (720ms)  (pid 8872)
Compiled products  (0ms)  (pid 8872)
Compiled products.css  (832ms)  (pid 8872)
Compiled quota  (6ms)  (pid 8872)
Compiled quota.css  (1122ms)  (pid 8872)
Compiled resources  (50ms)  (pid 8872)
Compiled resources.css  (1211ms)  (pid 8872)
Compiled themes/ui-lightness/jquery-ui-1.8.22.custom.css  (50ms)  (pid 8872)
Compiled users  (225ms)  (pid 8872)
Compiled users.css  (677ms)  (pid 8872)
